The system is: Windows - 10.0.19042 - AMD64
Compiling the C compiler identification source file "CMakeCCompilerId.c" succeeded.
Compiler: D:/Visual Studio/IDE/VC/Tools/MSVC/14.29.30037/bin/Hostx86/x86/cl.exe 
Build flags: 
Id flags:  

The output was:
0
Microsoft (R) C/C++ Optimizing Compiler Version 19.29.30038.1 for x86
Copyright (C) Microsoft Corporation.  All rights reserved.

CMakeCCompilerId.c
Microsoft (R) Incremental Linker Version 14.29.30038.1
Copyright (C) Microsoft Corporation.  All rights reserved.

/out:CMakeCCompilerId.exe 
CMakeCCompilerId.obj 


Compilation of the C compiler identification source "CMakeCCompilerId.c" produced "CMakeCCompilerId.exe"

Compilation of the C compiler identification source "CMakeCCompilerId.c" produced "CMakeCCompilerId.obj"

The C compiler identification is MSVC, found in "D:/GitHub/Boa/cmake-build-debug/CMakeFiles/3.20.2/CompilerIdC/CMakeCCompilerId.exe"

Compiling the CXX compiler identification source file "CMakeCXXCompilerId.cpp" succeeded.
Compiler: D:/Visual Studio/IDE/VC/Tools/MSVC/14.29.30037/bin/Hostx86/x86/cl.exe 
Build flags: 
Id flags:  

The output was:
0
Microsoft (R) C/C++ Optimizing Compiler Version 19.29.30038.1 for x86
Copyright (C) Microsoft Corporation.  All rights reserved.

CMakeCXXCompilerId.cpp
Microsoft (R) Incremental Linker Version 14.29.30038.1
Copyright (C) Microsoft Corporation.  All rights reserved.

/out:CMakeCXXCompilerId.exe 
CMakeCXXCompilerId.obj 


Compilation of the CXX compiler identification source "CMakeCXXCompilerId.cpp" produced "CMakeCXXCompilerId.exe"

Compilation of the CXX compiler identification source "CMakeCXXCompilerId.cpp" produced "CMakeCXXCompilerId.obj"

The CXX compiler identification is MSVC, found in "D:/GitHub/Boa/cmake-build-debug/CMakeFiles/3.20.2/CompilerIdCXX/CMakeCXXCompilerId.exe"

Detecting C compiler ABI info compiled with the following output:
Change Dir: D:/GitHub/Boa/cmake-build-debug/CMakeFiles/CMakeTmp

Run Build Command(s):nmake -f Makefile /nologo cmTC_21b1f\fast && 	"D:\Visual Studio\IDE\VC\Tools\MSVC\14.29.30037\bin\HostX86\x86\nmake.exe"  -f CMakeFiles\cmTC_21b1f.dir\build.make /nologo -L                  CMakeFiles\cmTC_21b1f.dir\build
Building C object CMakeFiles/cmTC_21b1f.dir/CMakeCCompilerABI.c.obj
	D:\JetBrains\CLion\bin\cmake\win\bin\cmake.exe -E cmake_cl_compile_depends --dep-file=CMakeFiles\cmTC_21b1f.dir\CMakeCCompilerABI.c.obj.d --working-dir=D:\GitHub\Boa\cmake-build-debug\CMakeFiles\CMakeTmp --filter-prefix="" -- "D:\Visual Studio\IDE\VC\Tools\MSVC\14.29.30037\bin\Hostx86\x86\cl.exe" @C:\Users\ADMINI~1\AppData\Local\Temp\nmF0DC.tmp
Linking C executable cmTC_21b1f.exe
	D:\JetBrains\CLion\bin\cmake\win\bin\cmake.exe -E vs_link_exe --intdir=CMakeFiles\cmTC_21b1f.dir --rc=C:\PROGRA~2\WI3CF2~1\10\bin\100190~1.0\x86\rc.exe --mt=C:\PROGRA~2\WI3CF2~1\10\bin\100190~1.0\x86\mt.exe --manifests -- "D:\Visual Studio\IDE\VC\Tools\MSVC\14.29.30037\bin\Hostx86\x86\link.exe" /nologo @CMakeFiles\cmTC_21b1f.dir\objects1.rsp @C:\Users\ADMINI~1\AppData\Local\Temp\nmF2B2.tmp



Detecting CXX compiler ABI info compiled with the following output:
Change Dir: D:/GitHub/Boa/cmake-build-debug/CMakeFiles/CMakeTmp

Run Build Command(s):nmake -f Makefile /nologo cmTC_cabb3\fast && 	"D:\Visual Studio\IDE\VC\Tools\MSVC\14.29.30037\bin\HostX86\x86\nmake.exe"  -f CMakeFiles\cmTC_cabb3.dir\build.make /nologo -L                  CMakeFiles\cmTC_cabb3.dir\build
Building CXX object CMakeFiles/cmTC_cabb3.dir/CMakeCXXCompilerABI.cpp.obj
	D:\JetBrains\CLion\bin\cmake\win\bin\cmake.exe -E cmake_cl_compile_depends --dep-file=CMakeFiles\cmTC_cabb3.dir\CMakeCXXCompilerABI.cpp.obj.d --working-dir=D:\GitHub\Boa\cmake-build-debug\CMakeFiles\CMakeTmp --filter-prefix="" -- "D:\Visual Studio\IDE\VC\Tools\MSVC\14.29.30037\bin\Hostx86\x86\cl.exe" @C:\Users\ADMINI~1\AppData\Local\Temp\nmF60C.tmp
Linking CXX executable cmTC_cabb3.exe
	D:\JetBrains\CLion\bin\cmake\win\bin\cmake.exe -E vs_link_exe --intdir=CMakeFiles\cmTC_cabb3.dir --rc=C:\PROGRA~2\WI3CF2~1\10\bin\100190~1.0\x86\rc.exe --mt=C:\PROGRA~2\WI3CF2~1\10\bin\100190~1.0\x86\mt.exe --manifests -- "D:\Visual Studio\IDE\VC\Tools\MSVC\14.29.30037\bin\Hostx86\x86\link.exe" /nologo @CMakeFiles\cmTC_cabb3.dir\objects1.rsp @C:\Users\ADMINI~1\AppData\Local\Temp\nmF6C9.tmp



